<?xml version="1.0" encoding="UTF-8" ?>
<testsuite failures="1" time="22.939" errors="0" skipped="0" tests="1" name="com.aurora.auroratest.TestCase_003_VerifyProductPrices">
  <properties>
[...]
</properties>
  <testcase time="13.727" classname="com.aurora.auroratest.TestCase_003_VerifyProductPrices" name="test">
    <failure message="expected [10] but found []" type="java.lang.AssertionError">java.lang.AssertionError: expected [10] but found []
	at org.testng.Assert.fail(Assert.java:94)
	at org.testng.Assert.failNotEquals(Assert.java:513)
	at org.testng.Assert.assertEqualsImpl(Assert.java:135)
	at org.testng.Assert.assertEquals(Assert.java:116)
	at org.testng.Assert.assertEquals(Assert.java:190)
	at org.testng.Assert.assertEquals(Assert.java:200)
	at com.aurora.auroratest.TestCase_003_VerifyProductPrices.test(TestCase_003_VerifyProductPrices.java:94)
</failure>
    <system-out>Click to navigate to New Product Page
Reading JSON from a file
----------------------------
</system-out>
  </testcase>
</testsuite>